# JRE version: OpenJDK Runtime Environment (11.0.13) (build 11.0.13+0-b1751.21-8125866)
# Java VM: OpenJDK 64-Bit Server VM (11.0.13+0-b1751.21-8125866, mixed mode, tiered, compressed oops, g1 gc, windows-amd64)
Heap:
 garbage-first heap   total 262144K, used 171469K [0x0000000080000000, 0x0000000100000000)
  region size 1024K, 137 young (140288K), 20 survivors (20480K)
 Metaspace       used 68268K, capacity 69918K, committed 69968K, reserved 1110016K
  class space    used 8571K, capacity 9184K, committed 9216K, reserved 1048576K
GC Heap History (18 events):
Event: 1.325 GC heap before
{Heap before GC invocations=0 (full 0):
 garbage-first heap   total 262144K, used 20480K [0x0000000080000000, 0x0000000100000000)
  region size 1024K, 14 young (14336K), 0 survivors (0K)
 Metaspace       used 6766K, capacity 7001K, committed 7168K, reserved 1056768K
  class space    used 575K, capacity 650K, committed 768K, reserved 1048576K
}
Event: 1.331 GC heap after
{Heap after GC invocations=1 (full 0):
 garbage-first heap   total 262144K, used 7677K [0x0000000080000000, 0x0000000100000000)
  region size 1024K, 2 young (2048K), 2 survivors (2048K)
 Metaspace       used 6766K, capacity 7001K, committed 7168K, reserved 1056768K
  class space    used 575K, capacity 650K, committed 768K, reserved 1048576K
}
Event: 2.136 GC heap before
{Heap before GC invocations=1 (full 0):
 garbage-first heap   total 262144K, used 18941K [0x0000000080000000, 0x0000000100000000)
  region size 1024K, 13 young (13312K), 2 survivors (2048K)
 Metaspace       used 10281K, capacity 10565K, committed 10624K, reserved 1058816K
  class space    used 1054K, capacity 1139K, committed 1152K, reserved 1048576K
}
Event: 2.140 GC heap after
{Heap after GC invocations=2 (full 0):
 garbage-first heap   total 262144K, used 9417K [0x0000000080000000, 0x0000000100000000)
  region size 1024K, 2 young (2048K), 2 survivors (2048K)
 Metaspace       used 10281K, capacity 10565K, committed 10624K, reserved 1058816K
  class space    used 1054K, capacity 1139K, committed 1152K, reserved 1048576K
}
Event: 2.948 GC heap before
{Heap before GC invocations=2 (full 0):
 garbage-first heap   total 262144K, used 40137K [0x0000000080000000, 0x0000000100000000)
  region size 1024K, 31 young (31744K), 2 survivors (2048K)
 Metaspace       used 11248K, capacity 11520K, committed 11776K, reserved 1060864K
  class space    used 1155K, capacity 1244K, committed 1280K, reserved 1048576K
}
Event: 2.953 GC heap after
{Heap after GC invocations=3 (full 0):
 garbage-first heap   total 262144K, used 12366K [0x0000000080000000, 0x0000000100000000)
  region size 1024K, 4 young (4096K), 4 survivors (4096K)
 Metaspace       used 11248K, capacity 11520K, committed 11776K, reserved 1060864K
  class space    used 1155K, capacity 1244K, committed 1280K, reserved 1048576K
}
Event: 5.304 GC heap before
{Heap before GC invocations=3 (full 0):
 garbage-first heap   total 262144K, used 55374K [0x0000000080000000, 0x0000000100000000)
  region size 1024K, 46 young (47104K), 4 survivors (4096K)
 Metaspace       used 17645K, capacity 18113K, committed 18432K, reserved 1064960K
  class space    used 2053K, capacity 2211K, committed 2304K, reserved 1048576K
}
Event: 5.312 GC heap after
{Heap after GC invocations=4 (full 0):
 garbage-first heap   total 262144K, used 16025K [0x0000000080000000, 0x0000000100000000)
  region size 1024K, 6 young (6144K), 6 survivors (6144K)
 Metaspace       used 17645K, capacity 18113K, committed 18432K, reserved 1064960K
  class space    used 2053K, capacity 2211K, committed 2304K, reserved 1048576K
}
Event: 5.987 GC heap before
{Heap before GC invocations=4 (full 0):
 garbage-first heap   total 262144K, used 44697K [0x0000000080000000, 0x0000000100000000)
  region size 1024K, 35 young (35840K), 6 survivors (6144K)
 Metaspace       used 20702K, capacity 21149K, committed 21296K, reserved 1069056K
  class space    used 2508K, capacity 2648K, committed 2688K, reserved 1048576K
}
Event: 5.997 GC heap after
{Heap after GC invocations=5 (full 0):
 garbage-first heap   total 262144K, used 17275K [0x0000000080000000, 0x0000000100000000)
  region size 1024K, 2 young (2048K), 2 survivors (2048K)
 Metaspace       used 20702K, capacity 21149K, committed 21296K, reserved 1069056K
  class space    used 2508K, capacity 2648K, committed 2688K, reserved 1048576K
}
Event: 7.440 GC heap before
{Heap before GC invocations=6 (full 0):
 garbage-first heap   total 262144K, used 76667K [0x0000000080000000, 0x0000000100000000)
  region size 1024K, 60 young (61440K), 2 survivors (2048K)
 Metaspace       used 26923K, capacity 27542K, committed 27696K, reserved 1073152K
  class space    used 3471K, capacity 3704K, committed 3712K, reserved 1048576K
}
Event: 7.450 GC heap after
{Heap after GC invocations=7 (full 0):
 garbage-first heap   total 262144K, used 19254K [0x0000000080000000, 0x0000000100000000)
  region size 1024K, 4 young (4096K), 4 survivors (4096K)
 Metaspace       used 26923K, capacity 27542K, committed 27696K, reserved 1073152K
  class space    used 3471K, capacity 3704K, committed 3712K, reserved 1048576K
}
Event: 9.047 GC heap before
{Heap before GC invocations=7 (full 0):
 garbage-first heap   total 262144K, used 73526K [0x0000000080000000, 0x0000000100000000)
  region size 1024K, 58 young (59392K), 4 survivors (4096K)
 Metaspace       used 35013K, capacity 35800K, committed 35920K, reserved 1081344K
  class space    used 4475K, capacity 4779K, committed 4864K, reserved 1048576K
}
Event: 9.062 GC heap after
{Heap after GC invocations=8 (full 0):
 garbage-first heap   total 262144K, used 22499K [0x0000000080000000, 0x0000000100000000)
  region size 1024K, 7 young (7168K), 7 survivors (7168K)
 Metaspace       used 35013K, capacity 35800K, committed 35920K, reserved 1081344K
  class space    used 4475K, capacity 4779K, committed 4864K, reserved 1048576K
}
Event: 12.561 GC heap before
{Heap before GC invocations=9 (full 0):
 garbage-first heap   total 262144K, used 175075K [0x0000000080000000, 0x0000000100000000)
  region size 1024K, 153 young (156672K), 7 survivors (7168K)
 Metaspace       used 47319K, capacity 48511K, committed 48848K, reserved 1091584K
  class space    used 6014K, capacity 6426K, committed 6528K, reserved 1048576K
}
Event: 12.587 GC heap after
{Heap after GC invocations=10 (full 0):
 garbage-first heap   total 262144K, used 30900K [0x0000000080000000, 0x0000000100000000)
  region size 1024K, 15 young (15360K), 15 survivors (15360K)
 Metaspace       used 47319K, capacity 48511K, committed 48848K, reserved 1091584K
  class space    used 6014K, capacity 6426K, committed 6528K, reserved 1048576K
}
Event: 18.673 GC heap before
{Heap before GC invocations=10 (full 0):
 garbage-first heap   total 262144K, used 171188K [0x0000000080000000, 0x0000000100000000)
  region size 1024K, 146 young (149504K), 15 survivors (15360K)
 Metaspace       used 58799K, capacity 60166K, committed 60240K, reserved 1101824K
  class space    used 7376K, capacity 7916K, committed 7936K, reserved 1048576K
}
Event: 18.725 GC heap after
{Heap after GC invocations=11 (full 0):
 garbage-first heap   total 262144K, used 52685K [0x0000000080000000, 0x0000000100000000)
  region size 1024K, 20 young (20480K), 20 survivors (20480K)
 Metaspace       used 58799K, capacity 60166K, committed 60240K, reserved 1101824K
  class space    used 7376K, capacity 7916K, committed 7936K, reserved 1048576K
}

